0 info it worked if it ends with ok
1 verbose cli [ '/usr/local/bin/node',
1 verbose cli   '/usr/local/bin/npm',
1 verbose cli   'install',
1 verbose cli   'angular-route@X.Y.Z' ]
2 info using npm@2.15.5
3 info using node@v4.4.5
4 verbose install initial load of /Users/craigjw87/Desktop/Weekend_Challenge_5/package.json
5 warn package.json wc5@1.0.0 No description
6 warn package.json wc5@1.0.0 No repository field.
7 warn package.json wc5@1.0.0 No README data
8 verbose installManyTop reading scoped package data from /Users/craigjw87/Desktop/Weekend_Challenge_5/node_modules/angular-ui-router/package.json
9 verbose installManyTop reading scoped package data from /Users/craigjw87/Desktop/Weekend_Challenge_5/node_modules/body-parser/package.json
10 verbose installManyTop reading scoped package data from /Users/craigjw87/Desktop/Weekend_Challenge_5/node_modules/express/package.json
11 verbose installManyTop reading scoped package data from /Users/craigjw87/Desktop/Weekend_Challenge_5/node_modules/mongoose/package.json
12 verbose installManyTop reading scoped package data from /Users/craigjw87/Desktop/Weekend_Challenge_5/node_modules/nodemon/package.json
13 verbose installManyTop reading scoped package data from /Users/craigjw87/Desktop/Weekend_Challenge_5/node_modules/pg/package.json
14 verbose readDependencies loading dependencies from /Users/craigjw87/Desktop/Weekend_Challenge_5/package.json
15 silly cache add args [ 'angular-route@X.Y.Z', null ]
16 verbose cache add spec angular-route@X.Y.Z
17 silly cache add parsed spec Result {
17 silly cache add   raw: 'angular-route@X.Y.Z',
17 silly cache add   scope: null,
17 silly cache add   name: 'angular-route',
17 silly cache add   rawSpec: 'X.Y.Z',
17 silly cache add   spec: 'X.Y.Z',
17 silly cache add   type: 'tag' }
18 silly addNamed angular-route@X.Y.Z
19 verbose addNamed "X.Y.Z" is being treated as a dist-tag for angular-route
20 info addNameTag [ 'angular-route', 'X.Y.Z' ]
21 silly mapToRegistry name angular-route
22 silly mapToRegistry using default registry
23 silly mapToRegistry registry https://registry.npmjs.org/
24 silly mapToRegistry data Result {
24 silly mapToRegistry   raw: 'angular-route',
24 silly mapToRegistry   scope: null,
24 silly mapToRegistry   name: 'angular-route',
24 silly mapToRegistry   rawSpec: '',
24 silly mapToRegistry   spec: 'latest',
24 silly mapToRegistry   type: 'tag' }
25 silly mapToRegistry uri https://registry.npmjs.org/angular-route
26 verbose addNameTag registry:https://registry.npmjs.org/angular-route not in flight; fetching
27 verbose request uri https://registry.npmjs.org/angular-route
28 verbose request no auth needed
29 info attempt registry request try #1 at 5:18:00 PM
30 verbose request id ae9b47b9e1fa4b78
31 http request GET https://registry.npmjs.org/angular-route
32 http 200 https://registry.npmjs.org/angular-route
33 verbose headers { server: 'CouchDB/1.6.1 (Erlang OTP/R16B03)',
33 verbose headers   etag: '"4BVC2E7TUURPTLT43EX5T93KQ"',
33 verbose headers   'content-type': 'application/json',
33 verbose headers   'content-encoding': 'gzip',
33 verbose headers   'cache-control': 'max-age=300',
33 verbose headers   'content-length': '9935',
33 verbose headers   'accept-ranges': 'bytes',
33 verbose headers   date: 'Sat, 25 Jun 2016 22:18:00 GMT',
33 verbose headers   via: '1.1 varnish',
33 verbose headers   age: '75',
33 verbose headers   connection: 'keep-alive',
33 verbose headers   'x-served-by': 'cache-ord1721-ORD',
33 verbose headers   'x-cache': 'HIT',
33 verbose headers   'x-cache-hits': '1',
33 verbose headers   'x-timer': 'S1466893080.750818,VS0,VE0',
33 verbose headers   vary: 'Accept-Encoding' }
34 silly get cb [ 200,
34 silly get   { server: 'CouchDB/1.6.1 (Erlang OTP/R16B03)',
34 silly get     etag: '"4BVC2E7TUURPTLT43EX5T93KQ"',
34 silly get     'content-type': 'application/json',
34 silly get     'content-encoding': 'gzip',
34 silly get     'cache-control': 'max-age=300',
34 silly get     'content-length': '9935',
34 silly get     'accept-ranges': 'bytes',
34 silly get     date: 'Sat, 25 Jun 2016 22:18:00 GMT',
34 silly get     via: '1.1 varnish',
34 silly get     age: '75',
34 silly get     connection: 'keep-alive',
34 silly get     'x-served-by': 'cache-ord1721-ORD',
34 silly get     'x-cache': 'HIT',
34 silly get     'x-cache-hits': '1',
34 silly get     'x-timer': 'S1466893080.750818,VS0,VE0',
34 silly get     vary: 'Accept-Encoding' } ]
35 verbose get saving angular-route to /Users/craigjw87/.npm/registry.npmjs.org/angular-route/.cache.json
36 verbose correctMkdir /Users/craigjw87/.npm correctMkdir not in flight; initializing
37 silly addNameTag next cb for angular-route with tag X.Y.Z
38 verbose stack Error: No compatible version found: angular-route@'X.Y.Z'
38 verbose stack Valid install targets:
38 verbose stack ["1.2.17-build.163.1","1.3.0-rc.5","1.3.0","1.3.1","1.3.2","1.3.3","1.3.4-build.3588","1.2.27","1.3.4","1.3.5","1.3.6","1.3.7","1.2.28","1.3.8","1.4.0-beta.0","1.3.9","1.3.10","1.4.0-beta.1","1.4.0-beta.2","1.3.11","1.4.0-beta.3","1.3.12","1.3.13","1.4.0-beta.4","1.3.14","1.4.0-beta.5","1.4.0-beta.6","1.3.15","1.4.0-rc.0","1.4.0-rc.1","1.4.0-rc.2","1.4.0","1.3.16","1.4.1","1.4.2","1.3.17","1.4.3","1.4.4","1.3.18","1.4.5","1.3.19","1.4.6","1.5.0-beta.0","1.2.29","1.3.20","1.4.7","1.5.0-beta.2","1.4.8","1.5.0-rc.0","1.5.0-rc.1","1.4.9","1.5.0-rc.2","1.5.0","1.5.1","1.4.10","1.5.2","1.5.3","1.5.5","1.4.11","1.5.6","1.4.12","1.5.7"]
38 verbose stack
38 verbose stack     at installTargetsError (/usr/local/lib/node_modules/npm/lib/cache/add-named.js:284:12)
38 verbose stack     at next (/usr/local/lib/node_modules/npm/lib/cache/add-named.js:94:10)
38 verbose stack     at RES (/usr/local/lib/node_modules/npm/node_modules/inflight/inflight.js:23:14)
38 verbose stack     at f (/usr/local/lib/node_modules/npm/node_modules/once/once.js:17:25)
38 verbose stack     at fixName (/usr/local/lib/node_modules/npm/lib/cache/add-named.js:29:5)
38 verbose stack     at saved (/usr/local/lib/node_modules/npm/lib/cache/caching-client.js:173:7)
38 verbose stack     at /usr/local/lib/node_modules/npm/node_modules/graceful-fs/polyfills.js:210:7
38 verbose stack     at FSReqWrap.oncomplete (fs.js:82:15)
39 verbose cwd /Users/craigjw87/Desktop/Weekend_Challenge_5
40 error Darwin 15.5.0
41 error argv "/usr/local/bin/node" "/usr/local/bin/npm" "install" "angular-route@X.Y.Z"
42 error node v4.4.5
43 error npm  v2.15.5
44 error code ETARGET
45 error notarget No compatible version found: angular-route@'X.Y.Z'
45 error notarget Valid install targets:
45 error notarget ["1.2.17-build.163.1","1.3.0-rc.5","1.3.0","1.3.1","1.3.2","1.3.3","1.3.4-build.3588","1.2.27","1.3.4","1.3.5","1.3.6","1.3.7","1.2.28","1.3.8","1.4.0-beta.0","1.3.9","1.3.10","1.4.0-beta.1","1.4.0-beta.2","1.3.11","1.4.0-beta.3","1.3.12","1.3.13","1.4.0-beta.4","1.3.14","1.4.0-beta.5","1.4.0-beta.6","1.3.15","1.4.0-rc.0","1.4.0-rc.1","1.4.0-rc.2","1.4.0","1.3.16","1.4.1","1.4.2","1.3.17","1.4.3","1.4.4","1.3.18","1.4.5","1.3.19","1.4.6","1.5.0-beta.0","1.2.29","1.3.20","1.4.7","1.5.0-beta.2","1.4.8","1.5.0-rc.0","1.5.0-rc.1","1.4.9","1.5.0-rc.2","1.5.0","1.5.1","1.4.10","1.5.2","1.5.3","1.5.5","1.4.11","1.5.6","1.4.12","1.5.7"]
45 error notarget
45 error notarget This is most likely not a problem with npm itself.
45 error notarget In most cases you or one of your dependencies are requesting
45 error notarget a package version that doesn't exist.
45 error notarget
45 error notarget It was specified as a dependency of 'wc5'
46 verbose exit [ 1, true ]
